<?xml version="1.0" encoding="utf-8"?><testsuites name="pytest tests"><testsuite name="pytest" errors="0" failures="0" skipped="24" tests="2426" time="111.957" timestamp="2026-08-27T21:39:09.055388+01:00" hostname="SAIGON"><testcase classname="tests.active.test_auth_posture" name="test_status_codes_map_to_postures" time="0.001" /><testcase classname="tests.active.test_auth_posture" name="test_one_open_sibling_among_enforcing_routes_is_flagged" time="0.000" /><testcase classname="tests.active.test_auth_posture" name="test_validation_error_unauth_is_flagged_as_auth_not_evaluated" time="0.000" /><testcase classname="tests.active.test_auth_posture" name="test_consistent_enforcement_raises_no_anomaly" time="0.000" /><testcase classname="tests.active.test_auth_posture" name="test_absent_routes_are_not_anomalies" time="0.000" /><testcase classname="tests.active.test_auth_posture" name="test_standalone_unauth_sensitive_route_is_flagged_at_lower_confidence" time="0.000" /><testcase classname="tests.active.test_auth_posture" name="test_public_paths_are_not_flagged" time="0.000" /><testcase classname="tests.active.test_auth_posture" name="test_non_sensitive_standalone_200_is_not_flagged" time="0.000" /><testcase classname="tests.active.test_auth_posture" name="test_id_bearing_siblings_group_together" time="0.001" /><testcase classname="tests.active.test_auth_posture" name="test_different_families_do_not_cross_contaminate" time="0.001" /><testcase classname="tests.active.test_client_analysis" name="test_wildcard_postmessage_target_is_flagged" time="0.001" /><testcase classname="tests.active.test_client_analysis" name="test_scoped_postMessage_target_is_clean" time="0.000" /><testcase classname="tests.active.test_client_analysis" name="test_message_listener_without_origin_check_is_flagged" time="0.000" /><testcase classname="tests.active.test_client_analysis" name="test_message_listener_with_origin_check_is_clean" time="0.000" /><testcase classname="tests.active.test_client_analysis" name="test_substring_host_check_is_flagged" time="0.000" /><testcase classname="tests.active.test_client_analysis" name="test_anchored_host_check_is_clean" time="0.000" /><testcase classname="tests.active.test_client_analysis" name="test_endswith_host_check_is_not_flagged" time="0.000" /><testcase classname="tests.active.test_client_analysis" name="test_findings_carry_line_and_source" time="0.000" /><testcase classname="tests.active.test_client_analysis" name="test_clean_script_has_no_findings" time="0.000" /><testcase classname="tests.active.test_contract_props" name="test_reentrancy_flagged_when_call_precedes_state_write" time="0.001" /><testcase classname="tests.active.test_contract_props" name="test_missing_access_control_on_privileged_function" time="0.001" /><testcase classname="tests.active.test_contract_props" name="test_unguarded_selfdestruct_flagged" time="0.000" /><testcase classname="tests.active.test_contract_props" name="test_tx_origin_auth_flagged" time="0.000" /><testcase classname="tests.active.test_contract_props" name="test_pre_0_8_arithmetic_flags_value_conservation" time="0.001" /><testcase classname="tests.active.test_contract_props" name="test_line_numbers_point_into_source" time="0.001" /><testcase classname="tests.active.test_contract_props" name="test_hardened_contract_has_no_critical_violations" time="0.001" /><testcase classname="tests.active.test_contract_props" name="test_empty_source_is_safe" time="0.000" /><testcase classname="tests.active.test_detector_planning" name="test_owned_seed_on_a_discovered_route_queues_a_bola_task" time="0.000" /><testcase classname="tests.active.test_detector_planning" name="test_seed_for_an_undiscovered_route_does_not_queue_bola" time="0.000" /><testcase classname="tests.active.test_detector_planning" name="test_bola_needs_two_owned_identities" time="0.000" /><testcase classname="tests.active.test_detector_planning" name="test_transition_reads_directly_from_the_asset_graph" time="0.005" /><testcase classname="tests.active.test_detector_planning" name="test_route_detectors_target_discovered_routes" time="0.000" /><testcase classname="tests.active.test_detector_planning" name="test_detectors_are_skipped_when_no_route_evidence_exists" time="0.000" /><testcase classname="tests.active.test_detector_planning" name="test_each_task_carries_its_detectors_declared_action" time="0.000" /><testcase classname="tests.active.test_detector_planning" name="test_bfla_requires_a_resolvable_low_identity_and_discriminator" time="0.000" /><testcase classname="tests.active.test_detector_planning" name="test_bfla_with_differential_pair_is_planned" time="0.001" /><testcase classname="tests.active.test_detector_planning" name="test_bfla_missing_identity_is_inapplicable_not_weak" time="0.001" /><testcase classname="tests.active.test_detector_planning" name="test_bfla_without_a_discriminator_is_skipped" time="0.001" /><testcase classname="tests.active.test_detector_planning" name="test_each_detector_reserves_its_own_action" time="0.076" /><testcase classname="tests.active.test_detector_planning" name="test_a_detector_that_cannot_fit_the_cap_is_blocked_without_affecting_others" time="0.076" /><testcase classname="tests.active.test_detector_planning" name="test_differential_evidence_is_verified" time="0.000" /><testcase classname="tests.active.test_detector_planning" name="test_single_observation_is_only_a_hypothesis" time="0.000" /><testcase classname="tests.active.test_detector_planning" name="test_a_second_independent_replay_promotes_a_hypothesis" time="0.000" /><testcase classname="tests.active.test_detector_planning" name="test_a_failed_replay_leaves_it_a_hypothesis" time="0.000" /><testcase classname="tests.active.test_enumeration" name="test_consecutive_integers_are_trivially_enumerable" time="0.000" /><testcase classname="tests.active.test_enumeration" name="test_near_sequential_integers_are_enumerable" time="0.000" /><testcase classname="tests.active.test_enumeration" name="test_small_integers_are_enumerable" time="0.000" /><testcase classname="tests.active.test_enumeration" name="test_uuids_are_not_enumerable" time="0.000" /><testcase classname="tests.active.test_enumeration" name="test_high_entropy_tokens_are_not_enumerable" time="0.000" /><testcase classname="tests.active.test_enumeration" name="test_timestamp_like_ids_are_partially_predictable" time="0.000" /><testcase classname="tests.active.test_enumeration" name="test_no_samples_is_opaque_zero_risk" time="0.001" /><testcase classname="tests.active.test_enumeration" name="test_bola_task_is_flagged_enumerable_for_sequential_ids" time="0.001" /><testcase classname="tests.active.test_enumeration" name="test_bola_task_is_not_flagged_enumerable_for_uuids" time="0.001" /><testcase classname="tests.active.test_enumeration" name="test_bola_planning_without_samples_is_unchanged" time="0.000" /><testcase classname="tests.active.test_graphql" name="test_unauthenticated_introspection_is_flagged" time="0.000" /><testcase classname="tests.active.test_graphql" name="test_protected_introspection_is_clean" time="0.000" /><testcase classname="tests.active.test_graphql" name="test_unauthenticated_resolver_is_flagged" time="0.000" /><testcase classname="tests.active.test_graphql" name="test_fully_guarded_resolvers_are_clean" time="0.000" /><testcase classname="tests.active.test_graphql" name="test_raw_database_error_is_flagged" time="0.000" /><testcase classname="tests.active.test_http_desync" name="test_h2_downgrade_and_parser_signals_rank_candidate" time="0.000" /><testcase classname="tests.active.test_http_desync" name="test_length_ambiguity_creates_cl_te_and_te_cl_hypotheses" time="0.000" /><testcase classname="tests.active.test_http_desync" name="test_detector_planner_never_invents_route_from_desync_candidate" time="0.000" /><testcase classname="tests.active.test_http_desync" name="test_detector_planner_queues_only_evidence_backed_discovered_route" time="0.000" /><testcase classname="tests.active.test_http_desync_runtime" name="test_desync_executor_is_reached_from_asset_graph_and_returns_canonical_evidence" time="0.001" /><testcase classname="tests.active.test_http_hardening" name="test_svg_upload_without_nosniff_is_flagged" time="0.000" /><testcase classname="tests.active.test_http_hardening" name="test_upload_with_nosniff_and_safe_type_is_clean" time="0.000" /><testcase classname="tests.active.test_http_hardening" name="test_credentialed_wildcard_cors_is_flagged" time="0.000" /><testcase classname="tests.active.test_http_hardening" name="test_credentialed_reflected_origin_is_flagged" time="0.000" /><testcase classname="tests.active.test_http_hardening" name="test_wildcard_cors_without_credentials_is_not_flagged" time="0.000" /><testcase classname="tests.active.test_http_hardening" name="test_html_without_csp_is_flagged" time="0.000" /><testcase classname="tests.active.test_http_hardening" name="test_unsafe_inline_csp_is_flagged" time="0.001" /><testcase classname="tests.active.test_http_hardening" name="test_payment_form_without_framing_protection_is_flagged" time="0.000" /><testcase classname="tests.active.test_http_hardening" name="test_form_with_frame_ancestors_is_protected" time="0.000" /><testcase classname="tests.active.test_http_hardening" name="test_authenticated_public_cache_is_flagged" time="0.000" /><testcase classname="tests.active.test_http_hardening" name="test_private_cache_on_gated_content_is_clean" time="0.000" /><testcase classname="tests.active.test_js_secrets" name="test_first_party_bundle_credentials_are_found_with_high_confidence" time="0.001" /><testcase classname="tests.active.test_js_secrets" name="test_private_key_in_a_bundle_is_flagged" time="0.000" /><testcase classname="tests.active.test_js_secrets" name="test_raw_secret_never_appears_in_a_finding" time="0.000" /><testcase classname="tests.active.test_js_secrets" name="test_third_party_bundle_is_lower_confidence" time="0.000" /><testcase classname="tests.active.test_js_secrets" name="test_clean_javascript_has_no_findings" time="0.007" /><testcase classname="tests.active.test_js_secrets" name="test_emails_and_pii_are_not_reported_as_js_secrets" time="0.001" /><testcase classname="tests.active.test_js_secrets" name="test_no_scope_treats_bundle_as_first_party" time="0.001" /><testcase classname="tests.active.test_lab_gate" name="test_pipeline_discovers_seeds_plans_and_confirms_a_bola_bug" time="0.003" /><testcase classname="tests.active.test_lab_gate" name="test_a_non_vulnerable_lab_yields_no_verified_bola_finding" time="0.001" /><testcase classname="tests.active.test_lab_gate" name="test_request_accounting_is_exact_through_the_gateway" time="0.001" /><testcase classname="tests.active.test_lab_gate" name="test_detector_requests_are_gated_by_the_detectors_action" time="0.001" /><testcase classname="tests.active.test_lab_gate" name="test_unstable_target_produces_no_clean_result" time="0.001" /><testcase classname="tests.active.test_lab_gate" name="test_truncated_scan_is_incomplete_not_clean" time="0.001" /><testcase classname="tests.active.test_lab_gate" name="test_rejects_unapproved_route_out_of_scope" time="0.000" /><testcase classname="tests.active.test_lab_gate" name="test_rejects_unapproved_identity_for_bfla" time="0.001" /><testcase classname="tests.active.test_lab_gate" name="test_rejects_unapproved_template_and_payload_mode" time="0.000" /><testcase classname="tests.active.test_parameters" name="test_clean_target_with_no_params_finds_nothing" time="0.000" /><testcase classname="tests.active.test_parameters" name="test_unstable_target_is_rejected_as_incomplete" time="0.000" /><testcase classname="tests.active.test_parameters" name="test_calibration_tolerates_dynamic_content" time="0.000" /><testcase classname="tests.active.test_parameters" name="test_reflected_parameter_is_found_and_flagged" time="0.000" /><testcase classname="tests.active.test_parameters" name="test_non_reflected_length_parameter_is_found_by_feature_shift" time="0.001" /><testcase classname="tests.active.test_parameters" name="test_status_changing_parameter_is_found" time="0.001" /><testcase classname="tests.active.test_parameters" name="test_batch_narrowing_uses_far_fewer_requests_than_one_per_name" time="0.001" /><testcase classname="tests.active.test_parameters" name="test_two_parameters_in_the_same_batch_are_both_isolated" time="0.001" /><testcase classname="tests.active.test_parameters" name="test_survivor_that_does_not_reproduce_alone_is_dropped" time="0.000" /><testcase classname="tests.active.test_parameters" name="test_candidate_cap_truncates_and_reports_incomplete" time="0.000" /><testcase classname="tests.active.test_parameters" name="test_request_budget_stops_and_reports_incomplete" time="0.000" /><testcase classname="tests.active.test_parameters" name="test_target_that_echoes_everything_is_treated_as_unstable" time="0.000" /><testcase classname="tests.active.test_parameters" name="test_method_not_permitted_is_refused_at_construction" time="0.000" /><testcase classname="tests.active.test_parameters" name="test_content_type_must_be_authorized" time="0.000" /><testcase classname="tests.active.test_path_bypass" name="test_dot_segment_bypass_is_detected" time="0.000" /><testcase classname="tests.active.test_path_bypass" name="test_reaching_the_app_auth_layer_is_a_partial_bypass" time="0.000" /><testcase classname="tests.active.test_path_bypass" name="test_a_gate_that_normalizes_first_has_no_bypass" time="0.000" /><testcase classname="tests.active.test_path_bypass" name="test_ungated_route_is_not_probed_for_bypass" time="0.000" /><testcase classname="tests.active.test_path_bypass" name="test_absent_variant_is_not_a_bypass" time="0.000" /><testcase classname="tests.active.test_path_bypass" name="test_variants_include_the_known_bypass_forms" time="0.000" /><testcase classname="tests.active.test_path_bypass" name="test_nested_path_gets_a_mid_path_dot_segment" time="0.000" /><testcase classname="tests.active.test_planning_surface" name="test_ssrf_task_planned_when_url_parameters_exist" time="0.000" /><testcase classname="tests.active.test_planning_surface" name="test_ssrf_skipped_without_url_parameters" time="0.000" /><testcase classname="tests.active.test_planning_surface" name="test_graphql_task_planned_for_a_graphql_endpoint" time="0.000" /><testcase classname="tests.active.test_planning_surface" name="test_graphql_skipped_without_an_endpoint" time="0.000" /><testcase classname="tests.active.test_planning_surface" name="test_hardening_finding_becomes_a_candidate" time="0.000" /><testcase classname="tests.active.test_planning_surface" name="test_js_secret_becomes_a_candidate_without_the_raw_value" time="0.000" /><testcase classname="tests.active.test_planning_surface" name="test_client_script_finding_becomes_a_candidate" time="0.000" /><testcase classname="tests.active.test_planning_surface" name="test_auth_anomaly_becomes_a_candidate" time="0.000" /><testcase classname="tests.active.test_planning_surface" name="test_no_artifacts_yields_no_candidates" time="0.000" /><testcase classname="tests.active.test_planning_surface" name="test_contract_review_task_planned_only_when_source_is_provided" time="0.000" /><testcase classname="tests.active.test_planning_surface" name="test_contract_findings_become_candidates" time="0.000" /><testcase classname="tests.active.test_planning_surface" name="test_surfaced_items_are_candidates_pending_verification" time="0.000" /><testcase classname="tests.active.test_routes" name="test_openapi_populates_the_route_schema" time="0.000" /><testcase classname="tests.active.test_routes" name="test_risk_annotations_are_derived" time="0.000" /><testcase classname="tests.active.test_routes" name="test_body_fields_and_content_type_are_captured" time="0.000" /><testcase classname="tests.active.test_routes" name="test_discovered_and_openapi_routes_merge_with_both_sources" time="0.000" /><testcase classname="tests.active.test_routes" name="test_template_paths_normalize_to_one_key" time="0.000" /><testcase classname="tests.active.test_routes" name="test_existing_routes_are_confirmed_against_a_not_found_baseline" time="0.000" /><testcase classname="tests.active.test_routes" name="test_discovery_uses_a_safe_method_even_for_state_changing_routes" time="0.000" /><testcase classname="tests.active.test_routes" name="test_state_changing_route_is_reported_with_its_real_method_and_risk" time="0.000" /><testcase classname="tests.active.test_routes" name="test_one_probe_per_unique_path_regardless_of_method_count" time="0.000" /><testcase classname="tests.active.test_routes" name="test_catch_all_host_suppresses_false_positives" time="0.000" /><testcase classname="tests.active.test_routes" name="test_route_that_differs_from_catch_all_is_still_found" time="0.000" /><testcase classname="tests.active.test_routes" name="test_rate_limited_host_is_quarantined_before_start" time="0.000" /><testcase classname="tests.active.test_routes" name="test_host_is_quarantined_after_repeated_errors" time="0.000" /><testcase classname="tests.active.test_routes" name="test_request_budget_stops_enumeration" time="0.001" /><testcase classname="tests.active.test_routes" name="test_unstable_host_yields_incomplete_not_clean" time="0.001" /><testcase classname="tests.active.test_ssrf" name="test_candidate_params_selects_url_like_names" time="0.000" /><testcase classname="tests.active.test_ssrf" name="test_vulnerable_parameter_is_confirmed_via_oast" time="0.004" /><testcase classname="tests.active.test_ssrf" name="test_non_vulnerable_target_yields_no_findings" time="0.000" /><testcase classname="tests.active.test_ssrf" name="test_callback_targets_our_private_oast_not_the_target" time="0.000" /><testcase classname="tests.active.test_ssrf" name="test_each_parameter_gets_a_distinct_probe" time="0.000" /><testcase classname="tests.active.test_stage_wiring" name="test_parameter_stage_finds_a_param_through_the_gateway" time="0.001" /><testcase classname="tests.active.test_stage_wiring" name="test_parameter_stage_events_normalize_into_the_graph" time="0.001" /><testcase classname="tests.active.test_stage_wiring" name="test_out_of_scope_base_url_is_blocked_by_the_gateway" time="0.000" /><testcase classname="tests.active.test_stage_wiring" name="test_request_budget_makes_the_stage_incomplete" time="0.000" /><testcase classname="tests.active.test_stage_wiring" name="test_route_stage_confirms_routes_through_the_gateway" time="0.001" /><testcase classname="tests.active.test_stage_wiring" name="test_route_stage_events_normalize_into_the_graph" time="0.000" /><testcase classname="tests.active.test_stage_wiring" name="test_route_stage_quarantines_a_host_the_gateway_blocks" time="0.000" /><testcase classname="tests.active.test_stage_wiring" name="test_a_state_changing_method_is_refused_by_the_gateway" time="0.001" /><testcase classname="tests.adapters.test_adapters" name="test_valid_envelope_passes" time="0.000" /><testcase classname="tests.adapters.test_adapters" name="test_incomplete_envelope_rejected" time="0.000" /><testcase classname="tests.adapters.test_adapters" name="test_credentials_must_be_references_not_values" time="0.000" /><testcase classname="tests.adapters.test_adapters" name="test_manifest_mismatch_rejected[adapter_name-other-tool]" time="0.001" /><testcase classname="tests.adapters.test_adapters" name="test_manifest_mismatch_rejected[adapter_version-9.9.9]" time="0.001" /><testcase classname="tests.adapters.test_adapters" name="test_manifest_mismatch_rejected[adapter_checksum-0000000000000000000000000000000000000000000000000000000000000000]" time="0.001" /><testcase classname="tests.adapters.test_adapters" name="test_manifest_mismatch_rejected[capability_tier-authenticated_testing]" time="0.000" /><testcase classname="tests.adapters.test_adapters" name="test_manifest_mismatch_rejected[network_profile-target-mutation]" time="0.001" /><testcase classname="tests.adapters.test_adapters" name="test_build_command_puts_no_secrets_in_argv" time="0.000" /><testcase classname="tests.adapters.test_adapters" name="test_parse_valid_event" time="0.000" /><testcase classname="tests.adapters.test_adapters" name="test_parse_malformed_line_becomes_diagnostic" time="0.000" /><testcase classname="tests.adapters.test_adapters" name="test_parse_unknown_kind_becomes_diagnostic" time="0.000" /><testcase classname="tests.adapters.test_adapters" name="test_parse_empty_line_is_none" time="0.000" /><testcase classname="tests.adapters.test_adapters" name="test_fake_adapter_runs_end_to_end" time="0.070" /><testcase classname="tests.adapters.test_aegis_semgrep_bundle" name="test_semgrep_rule_bundle_matches_approved_digest" time="0.004" /><testcase classname="tests.adapters.test_aegis_semgrep_bundle" name="test_semgrep_bundle_is_aegis_owned_and_has_no_remote_config" time="0.001" /><testcase classname="tests.adapters.test_dalfox" name="test_default_is_reflected_and_dom_only" time="0.000" /><testcase classname="tests.adapters.test_dalfox" name="test_blind_mode_requires_an_oast_endpoint" time="0.000" /><testcase classname="tests.adapters.test_dalfox" name="test_blind_mode_is_allowed_with_authorization_and_oast" time="0.000" /><testcase classname="tests.adapters.test_dalfox" name="test_command_keeps_raw_traffic_out_by_default" time="0.000" /><testcase classname="tests.adapters.test_dalfox" name="test_rate_limit_becomes_a_delay" time="0.000" /><testcase classname="tests.adapters.test_dalfox" name="test_reflected_and_verified_findings_are_candidates" time="0.019" /><testcase classname="tests.adapters.test_dalfox" name="test_errors_become_diagnostics_not_findings" time="0.001" /><testcase classname="tests.adapters.test_dalfox" name="test_raw_request_response_is_opt_in_and_redacted" time="0.000" /><testcase classname="tests.adapters.test_dalfox" name="test_session_loss_stops_the_host_and_suppresses_its_findings" time="0.000" /><testcase classname="tests.adapters.test_dalfox" name="test_session_loss_without_findings_is_a_session_lost_outcome" time="0.000" /><testcase classname="tests.adapters.test_dalfox" name="test_findings_outcome" time="0.001" /><testcase classname="tests.adapters.test_dalfox" name="test_clean_outcome_when_nothing_found" time="0.001" /><testcase classname="tests.adapters.test_dalfox" name="test_process_outcomes_map_to_distinct_states[cancelled-False-cancelled]" time="0.001" /><testcase classname="tests.adapters.test_dalfox" name="test_process_outcomes_map_to_distinct_states[output_limit-False-truncated]" time="0.001" /><testcase classname="tests.adapters.test_dalfox" name="test_process_outcomes_map_to_distinct_states[timed_out-False-truncated]" time="0.000" /><testcase classname="tests.adapters.test_dalfox" name="test_process_outcomes_map_to_distinct_states[failed-False-error]" time="0.001" /><testcase classname="tests.adapters.test_dalfox" name="test_process_outcomes_map_to_distinct_states[succeeded-True-truncated]" time="0.000" /><testcase classname="tests.adapters.test_dalfox" name="test_resume_state_records_completed_targets" time="0.001" /><testcase classname="tests.adapters.test_dalfox" name="test_resume_from_prior_state_skips_completed_targets" time="0.000" /><testcase classname="tests.adapters.test_dalfox" name="test_sarif_output_is_parsed_into_findings" time="0.000" /><testcase classname="tests.adapters.test_dalfox" name="test_capability_and_profile_are_active_testing" time="0.000" /><testcase classname="tests.adapters.test_dalfox" name="test_findings_are_not_assets" time="0.001" /><testcase classname="tests.adapters.test_discovery_adapters" name="test_unpinned_binary_refuses_to_run" time="0.000" /><testcase classname="tests.adapters.test_discovery_adapters" name="test_pinned_binary_with_a_wrong_checksum_is_refused" time="0.013" /><testcase classname="tests.adapters.test_discovery_adapters" name="test_registry_exposes_all_five_discovery_adapters" time="0.000" /><testcase classname="tests.adapters.test_discovery_adapters" name="test_malformed_output_blocks_the_adapter_version[SubfinderAdapter]" time="0.000" /><testcase classname="tests.adapters.test_discovery_adapters" name="test_malformed_output_blocks_the_adapter_version[GauAdapter]" time="0.000" /><testcase classname="tests.adapters.test_discovery_adapters" name="test_malformed_output_blocks_the_adapter_version[HttpProbeAdapter]" time="0.000" /><testcase classname="tests.adapters.test_discovery_adapters" name="test_malformed_output_blocks_the_adapter_version[KatanaAdapter]" time="0.000" /><testcase classname="tests.adapters.test_discovery_adapters" name="test_malformed_output_blocks_the_adapter_version[JsluiceAdapter]" time="0.000" /><testcase classname="tests.adapters.test_discovery_adapters" name="test_subfinder_records_the_provider_on_every_result" time="0.010" /><testcase classname="tests.adapters.test_discovery_adapters" name="test_subfinder_rejects_out_of_parent_scope_and_wildcards" time="0.001" /><testcase classname="tests.adapters.test_discovery_adapters" name="test_subfinder_deduplicates_case_and_trailing_dot" time="0.001" /><testcase classname="tests.adapters.test_discovery_adapters" name="test_subfinder_provider_failure_is_a_diagnostic" time="0.000" /><testcase classname="tests.adapters.test_discovery_adapters" name="test_subfinder_enforces_global_and_per_provider_caps" time="0.001" /><testcase classname="tests.adapters.test_discovery_adapters" name="test_subfinder_reports_partial_coverage_honestly" time="0.001" /><testcase classname="tests.adapters.test_discovery_adapters" name="test_gau_never_requests_the_target" time="0.000" /><testcase classname="tests.adapters.test_discovery_adapters" name="test_gau_records_provider_and_original_timestamp" time="0.036" /><testcase classname="tests.adapters.test_discovery_adapters" name="test_gau_keeps_parameter_names_in_the_url" time="0.003" /><testcase classname="tests.adapters.test_discovery_adapters" name="test_gau_filters_static_extensions_and_statuses" time="0.001" /><testcase classname="tests.adapters.test_discovery_adapters" name="test_gau_reports_providers_without_results" time="0.001" /><testcase classname="tests.adapters.test_discovery_adapters" name="test_probe_emits_typed_service_observations" time="0.011" /><testcase classname="tests.adapters.test_discovery_adapters" name="test_probe_hashes_are_stable_and_typed" time="0.001" /><testcase classname="tests.adapters.test_discovery_adapters" name="test_probe_failure_carries_an_explicit_retry_reason" time="0.001" /><testcase classname="tests.adapters.test_discovery_adapters" name="test_probe_uses_safe_methods_only_and_never_service_mode" time="0.000" /><testcase classname="tests.adapters.test_discovery_adapters" name="test_katana_headless_is_refused_until_phase_4" time="0.000" /><testcase classname="tests.adapters.test_discovery_adapters" name="test_katana_records_parent_url_and_discovery_source" time="0.013" /><testcase classname="tests.adapters.test_discovery_adapters" name="test_katana_deduplicates_canonical_urls_and_identical_pages" time="0.001" /><testcase classname="tests.adapters.test_discovery_adapters" name="test_katana_avoids_logout_and_out_of_scope_urls" time="0.001" /><testcase classname="tests.adapters.test_discovery_adapters" name="test_katana_respects_page_and_form_budgets" time="0.001" /><testcase classname="tests.adapters.test_discovery_adapters" name="test_katana_backs_off_an_unhealthy_host" time="0.000" /><testcase classname="tests.adapters.test_discovery_adapters" name="test_jsluice_extracts_endpoints_with_source_location" time="0.007" /><testcase classname="tests.adapters.test_discovery_adapters" name="test_jsluice_marks_body_parameters_and_lowers_assembled_url_confidence" time="0.002" /><testcase classname="tests.adapters.test_discovery_adapters" name="test_jsluice_suppresses_generic_matchers_by_default" time="0.009" /><testcase classname="tests.adapters.test_discovery_adapters" name="test_jsluice_can_enable_generic_matchers_explicitly" time="0.001" /><testcase classname="tests.adapters.test_discovery_adapters" name="test_jsluice_honours_approved_custom_matchers" time="0.001" /><testcase classname="tests.adapters.test_discovery_adapters" name="test_jsluice_never_marks_a_candidate_verified" time="0.002" /><testcase classname="tests.adapters.test_discovery_adapters" name="test_jsluice_rejects_an_unknown_mode[bad0]" time="0.001" /><testcase classname="tests.adapters.test_discovery_adapters" name="test_custom_matcher_requires_identifier_and_valid_severity" time="0.000" /><testcase classname="tests.adapters.test_discovery_pipeline" name="test_all_five_adapters_populate_one_asset_graph" time="0.002" /><testcase classname="tests.adapters.test_discovery_pipeline" name="test_every_asset_carries_its_discovering_source" time="0.002" /><testcase classname="tests.adapters.test_discovery_pipeline" name="test_provider_provenance_survives_into_the_graph" time="0.002" /><testcase classname="tests.adapters.test_discovery_pipeline" name="test_the_same_route_from_two_tools_is_one_asset_with_both_sources" time="0.002" /><testcase classname="tests.adapters.test_discovery_pipeline" name="test_out_of_scope_and_wildcard_never_enter_the_graph" time="0.002" /><testcase classname="tests.adapters.test_discovery_pipeline" name="test_no_active_payload_is_ever_emitted" time="0.001" /><testcase classname="tests.adapters.test_discovery_pipeline" name="test_secret_candidates_do_not_become_assets" time="0.001" /><testcase classname="tests.adapters.test_discovery_pipeline" name="test_pipeline_produces_a_durable_provenance_rich_snapshot" time="0.093" /><testcase classname="tests.adapters.test_discovery_pipeline" name="test_each_asset_kind_is_queryable[domain]" time="0.110" /><testcase classname="tests.adapters.test_discovery_pipeline" name="test_each_asset_kind_is_queryable[url]" time="0.090" /><testcase classname="tests.adapters.test_discovery_pipeline" name="test_each_asset_kind_is_queryable[service]" time="0.076" /><testcase classname="tests.adapters.test_discovery_pipeline" name="test_each_asset_kind_is_queryable[route]" time="0.086" /><testcase classname="tests.adapters.test_discovery_pipeline" name="test_each_asset_kind_is_queryable[parameter]" time="0.088" /><testcase classname="tests.adapters.test_discovery_pipeline" name="test_each_asset_kind_is_queryable[technology]" time="0.078" /><testcase classname="tests.adapters.test_gitleaks_live_image" name="test_live_pinned_gitleaks_detects_but_never_emits_secret_value" time="0.000"><skipped type="pytest.skip" message="set AEGIS_TEST_SCANNER_IMAGES=1 after pulling approved digest images">C:\Users\21263\Downloads\aegis-full-arsenal-bringup\tests\adapters\test_gitleaks_live_image.py:15: set AEGIS_TEST_SCANNER_IMAGES=1 after pulling approved digest images</skipped></testcase><testcase classname="tests.adapters.test_nuclei" name="test_valid_manifest_verifies" time="0.001" /><testcase classname="tests.adapters.test_nuclei" name="test_unsigned_manifest_is_rejected" time="0.001" /><testcase classname="tests.adapters.test_nuclei" name="test_tampered_manifest_signature_is_rejected" time="0.001" /><testcase classname="tests.adapters.test_nuclei" name="test_entry_from_untrusted_signer_is_rejected" time="0.000" /><testcase classname="tests.adapters.test_nuclei" name="test_manifest_allowing_a_prohibited_protocol_is_rejected" time="0.000" /><testcase classname="tests.adapters.test_nuclei" name="test_unknown_template_is_rejected" time="0.000" /><testcase classname="tests.adapters.test_nuclei" name="test_locally_referenced_template_is_rejected" time="0.000" /><testcase classname="tests.adapters.test_nuclei" name="test_tampered_checksum_is_rejected" time="0.000" /><testcase classname="tests.adapters.test_nuclei" name="test_prohibited_protocol_is_rejected" time="0.000" /><testcase classname="tests.adapters.test_nuclei" name="test_approved_template_passes" time="0.000" /><testcase classname="tests.adapters.test_nuclei" name="test_preflight_flags_tampered_and_missing_template_files" time="0.000" /><testcase classname="tests.adapters.test_nuclei" name="test_command_disables_dangerous_features" time="0.000" /><testcase classname="tests.adapters.test_nuclei" name="test_command_runs_only_approved_template_ids" time="0.000" /><testcase classname="tests.adapters.test_nuclei" name="test_effective_protocols_intersect_manifest_and_authorization" time="0.000" /><testcase classname="tests.adapters.test_nuclei" name="test_adapter_refuses_an_invalid_manifest_at_construction" time="0.000" /><testcase classname="tests.adapters.test_nuclei" name="test_approved_results_become_finding_candidates_with_provenance" time="0.011" /><testcase classname="tests.adapters.test_nuclei" name="test_unapproved_and_prohibited_results_are_blocking_rejections" time="0.001" /><testcase classname="tests.adapters.test_nuclei" name="test_terminal_reports_quarantine_when_templates_were_rejected" time="0.001" /><testcase classname="tests.adapters.test_nuclei" name="test_findings_are_not_assets" time="0.001" /><testcase classname="tests.adapters.test_repository_scanner_documents" name="test_semgrep_document_preserves_triage_fields_without_claiming_verification" time="0.000" /><testcase classname="tests.adapters.test_repository_scanner_documents" name="test_semgrep_errors_are_blocking_incomplete_coverage" time="0.000" /><testcase classname="tests.adapters.test_repository_scanner_documents" name="test_gitleaks_never_emits_secret_match_line_or_author_identity" time="0.000" /><testcase classname="tests.adapters.test_repository_scanner_documents" name="test_osv_document_expands_vulnerabilities_into_dependency_candidates" time="0.000" /><testcase classname="tests.adapters.test_repository_scanner_documents" name="test_repository_scanners_refuse_host_execution_until_container_gate[adapter0]" time="0.001" /><testcase classname="tests.adapters.test_repository_scanner_documents" name="test_repository_scanners_refuse_host_execution_until_container_gate[adapter1]" time="0.001" /><testcase classname="tests.adapters.test_repository_scanner_documents" name="test_repository_scanners_refuse_host_execution_until_container_gate[adapter2]" time="0.001" /><testcase classname="tests.adapters.test_repository_scanner_documents" name="test_scanner_exit_one_is_findings_success_but_other_failures_are_not[adapter0]" time="0.001" /><testcase classname="tests.adapters.test_repository_scanner_documents" name="test_scanner_exit_one_is_findings_success_but_other_failures_are_not[adapter1]" time="0.000" /><testcase classname="tests.adapters.test_repository_scanner_documents" name="test_scanner_exit_one_is_findings_success_but_other_failures_are_not[adapter2]" time="0.000" /><testcase classname="tests.adapters.test_repository_scanner_documents" name="test_semgrep_and_gitleaks_commands_use_hardened_digest_boundary" time="0.005" /><testcase classname="tests.adapters.test_repository_scanner_documents" name="test_osv_execution_stays_closed_without_pinned_offline_database" time="0.003" /><testcase classname="tests.adapters.test_semgrep_live_image" name="test_live_pinned_semgrep_finds_only_seeded_positive_controls" time="0.000"><skipped type="pytest.skip" message="set AEGIS_TEST_SCANNER_IMAGES=1 after pulling approved digest images">C:\Users\21263\Downloads\aegis-full-arsenal-bringup\tests\adapters\test_semgrep_live_image.py:23: set AEGIS_TEST_SCANNER_IMAGES=1 after pulling approved digest images</skipped></testcase><testcase classname="tests.adapters.test_session_boundary" name="test_cookies_are_confined_to_the_host_that_set_them" time="0.000" /><testcase classname="tests.adapters.test_session_boundary" name="test_out_of_scope_hosts_get_and_keep_nothing" time="0.000" /><testcase classname="tests.adapters.test_session_boundary" name="test_cookie_attributes_are_not_stored_as_cookies" time="0.000" /><testcase classname="tests.adapters.test_session_boundary" name="test_cookie_header_is_rebuilt_only_for_the_owning_host" time="0.000" /><testcase classname="tests.adapters.test_session_boundary" name="test_closing_wipes_state_and_refuses_further_use" time="0.000" /><testcase classname="tests.adapters.test_session_boundary" name="test_boundary_works_as_a_context_manager" time="0.000" /><testcase classname="tests.adapters.test_session_boundary" name="test_two_tasks_never_share_session_state" time="0.001" /><testcase classname="tests.adapters.test_session_boundary" name="test_cookies_never_appear_in_the_command_line" time="0.000" /><testcase classname="tests.adapters.test_session_boundary" name="test_no_session_flags_when_the_task_has_no_credentials" time="0.000" /><testcase classname="tests.adapters.test_session_boundary" name="test_redaction_strips_every_sensitive_field[cookie]" time="0.000" /><testcase classname="tests.adapters.test_session_boundary" name="test_redaction_strips_every_sensitive_field[Set-Cookie]" time="0.000" /><testcase classname="tests.adapters.test_session_boundary" name="test_redaction_strips_every_sensitive_field[authorization]" time="0.000" /><testcase classname="tests.adapters.test_session_boundary" name="test_redaction_strips_every_sensitive_field[session_id]" time="0.000" /><testcase classname="tests.adapters.test_session_boundary" name="test_redaction_strips_every_sensitive_field[token]" time="0.000" /><testcase classname="tests.adapters.test_session_boundary" name="test_redaction_reaches_nested_structures" time="0.000" /><testcase classname="tests.adapters.test_session_boundary" name="test_crawled_route_never_carries_session_material" time="0.025" /><testcase classname="tests.adapters.test_session_boundary" name="test_crawl_keeps_cookies_inside_the_boundary_while_redacting_output" time="0.001" /><testcase classname="tests.ai.agents.test_specialized_agent" name="test_valid_bounded_hypothesis_survives" time="0.001" /><testcase classname="tests.ai.agents.test_specialized_agent" name="test_prompt_injection_cannot_escape_files_weaknesses_or_safe_methods" time="0.000" /><testcase classname="tests.ai.agents.test_specialized_agent" name="test_unknown_fields_and_oversized_request_counts_are_rejected" time="0.000" /><testcase classname="tests.ai.agents.test_specialized_agent" name="test_code_validation_requires_an_exact_pinned_source_anchor" time="0.001" /><testcase classname="tests.ai.agents.test_specialized_agent" name="test_low_confidence_confirmation_fails_closed" time="0.000" /><testcase classname="tests.ai.agents.test_specialized_agent" name="test_confirmation_without_a_trust_model_fails_closed" time="0.000" /><testcase classname="tests.ai.agents.test_specialized_agent" name="test_confirmation_with_a_trust_model_is_kept" time="0.000" /><testcase classname="tests.ai.agents.test_specialized_agent" name="test_ensemble_unions_findings_across_samples" time="0.001" /><testcase classname="tests.ai.agents.test_specialized_agent" name="test_ensemble_dedupes_same_finding_keeping_highest_confidence" time="0.001" /><testcase classname="tests.ai.agents.test_specialized_agent" name="test_ensemble_keeps_distinct_findings" time="0.001" /><testcase classname="tests.ai.agents.test_specialized_agent" name="test_ensemble_survives_a_failing_sample" time="0.001" /><testcase classname="tests.ai.agents.test_specialized_agent" name="test_single_sample_is_unchanged_default" time="0.000" /><testcase classname="tests.ai.agents.test_specialized_agent" name="test_retriever_injects_exemplars_into_the_generator_prompt" time="0.001" /><testcase classname="tests.ai.agents.test_specialized_agent" name="test_no_retriever_leaves_prompt_unchanged" time="0.000" /><testcase classname="tests.ai.agents.test_specialized_agent" name="test_cwe_key_normalizes" time="0.001" /><testcase classname="tests.ai.agents.test_specialized_agent" name="test_calibration_raises_floor_for_false_positive_prone_class" time="0.002" /><testcase classname="tests.ai.agents.test_specialized_agent" name="test_calibration_lowers_floor_for_reliable_class" time="0.001" /><testcase classname="tests.ai.agents.test_specialized_agent" name="test_no_calibration_leaves_floor_at_min_confidence" time="0.000" /><testcase classname="tests.ai.agents.test_specialized_agent" name="test_ensemble_records_agreement_per_finding" time="0.001" /><testcase classname="tests.ai.test_active_bridge_policy" name="test_live_active_task_is_blocked_by_default_source_review_policy" time="0.000" /><testcase classname="tests.ai.test_active_runtime_integration" name="test_asset_to_desync_plan_to_policy_to_executor_to_evidence" time="0.001" /><testcase classname="tests.ai.test_active_runtime_integration" name="test_active_runtime_is_fail_closed_without_executor" time="0.001" /><testcase classname="tests.ai.test_active_runtime_integration" name="test_active_runtime_never_dispatches_policy_blocked_desync" time="0.001" /><testcase classname="tests.ai.test_active_runtime_integration" name="test_cumulative_budget_is_enforced_across_active_tasks" time="0.001" /><testcase classname="tests.ai.test_agentic_os" name="test_policy_fails_closed_for_network_and_state_change" time="0.000" /><testcase classname="tests.ai.test_agentic_os" name="test_execution_grant_cannot_cross_scope_digest" time="0.000" /><testcase classname="tests.ai.test_agentic_os" name="test_finding_lifecycle_cannot_skip_evidence_stages" time="0.000" /><testcase classname="tests.ai.test_agentic_os" name="test_security_graph_requires_existing_nodes" time="0.000" /><testcase classname="tests.ai.test_agentic_os" name="test_jarvis_prioritizes_hypotheses_and_positive_ev" time="0.001" /><testcase classname="tests.ai.test_agentic_os" name="test_duplicate_estimate_rewards_recent_novelty" time="0.001" /><testcase classname="tests.ai.test_agentic_os" name="test_repository_prompt_injection_and_secret_egress_are_separated" time="0.001" /><testcase classname="tests.ai.test_agentic_os" name="test_human_approved_requires_signed_receipt" time="0.001" /><testcase classname="tests.ai.test_ai_model_pipeline" name="test_pipeline_modelscan_exit_one_is_successful_unverified_candidate" time="0.050" /><testcase classname="tests.ai.test_ai_model_pipeline" name="test_modelscan_exit_two_is_partial_failure_not_clean_scan" time="0.024" /><testcase classname="tests.ai.test_ai_model_pipeline" name="test_missing_bubblewrap_or_modelscan_preserves_provenance_and_records_engine_failure" time="0.013" /><testcase classname="tests.ai.test_ai_model_pipeline" name="test_model_mutation_during_modelscan_blocks_candidate_promotion" time="0.035" /><testcase classname="tests.ai.test_ai_model_pipeline" name="test_modelscan_can_be_disabled_without_affecting_provenance" time="0.007" /><testcase classname="tests.ai.test_ai_planner" name="test_valid_actions_survive" time="0.001" /><testcase classname="tests.ai.test_ai_planner" name="test_out_of_scope_target_dropped" time="0.000" /><testcase classname="tests.ai.test_ai_planner" name="test_prohibited_or_unknown_action_dropped" time="0.000" /><testcase classname="tests.ai.test_ai_planner" name="test_max_actions_capped" time="0.000" /><testcase classname="tests.ai.test_ai_planner" name="test_falls_back_when_llm_errors" time="0.001" /><testcase classname="tests.ai.test_ai_planner" name="test_falls_back_when_no_valid_actions" time="0.000" /><testcase classname="tests.ai.test_ai_planner" name="test_garbage_response_yields_empty_without_fallback" time="0.000" /><testcase classname="tests.ai.test_android_pipeline" name="test_pipeline_combines_mobsf_and_networkless_derived_hypotheses" time="0.051" /><testcase classname="tests.ai.test_android_pipeline" name="test_pipeline_preserves_partial_results_when_decompiler_runtime_is_unavailable" time="0.008" /><testcase classname="tests.ai.test_android_pipeline" name="test_pipeline_retains_derived_tree_only_on_explicit_request" time="0.023" /><testcase classname="tests.ai.test_android_static" name="test_jadx_ticket_binds_apk_and_networkless_decompile_tree" time="0.047" /><testcase classname="tests.ai.test_android_static" name="test_apktool_uses_same_static_ticket_and_networkless_boundary" time="0.033" /><testcase classname="tests.ai.test_android_static" name="test_ticket_rejects_non_apk_and_apk_mutation_before_runner" time="0.015" /><testcase classname="tests.ai.test_android_static" name="test_scanner_specific_ticket_cannot_be_reused_for_other_decompiler" time="0.005" /><testcase classname="tests.ai.test_android_static" name="test_derived_symlink_is_rejected_and_workspace_cleaned" time="0.015"><skipped type="pytest.skip" message="symlink creation unavailable">C:\Users\21263\Downloads\aegis-full-arsenal-bringup\tests\ai\test_android_static.py:173: symlink creation unavailable</skipped></testcase><testcase classname="tests.ai.test_android_static" name="test_unregistered_android_static_method_is_refused" time="0.003" /><testcase classname="tests.ai.test_android_surface" name="test_manifest_exposure_is_hypothesis_and_protected_component_is_not_flagged" time="0.022" /><testcase classname="tests.ai.test_android_surface" name="test_debug_backup_cleartext_and_webview_tls_patterns_are_unverified_candidates" time="0.011" /><testcase classname="tests.ai.test_android_surface" name="test_app_level_permission_protects_exported_component" time="0.020" /><testcase classname="tests.ai.test_android_surface" name="test_manifest_parse_failure_is_observation_not_crash" time="0.012" /><testcase classname="tests.ai.test_android_surface" name="test_symlink_in_derived_tree_is_rejected" time="0.004"><skipped type="pytest.skip" message="symlink creation unavailable">C:\Users\21263\Downloads\aegis-full-arsenal-bringup\tests\ai\test_android_surface.py:140: symlink creation unavailable</skipped></testcase><testcase classname="tests.ai.test_asset_agent" name="test_cloud_scanner_requires_both_credentials_and_network_authorization" time="0.001" /><testcase classname="tests.ai.test_asset_agent" name="test_nuclei_is_selected_but_requires_controlled_state_change_approval" time="0.002" /><testcase classname="tests.ai.test_asset_agent" name="test_ai_endpoint_red_team_requires_network_and_human_state_approval" time="0.004" /><testcase classname="tests.ai.test_asset_agent" name="test_store_metadata_can_run_without_binary_but_binary_scanners_remain_blocked" time="0.002" /><testcase classname="tests.ai.test_asset_agent_execution_tickets" name="test_artifact_scanner_proposal_contains_intact_serialized_ticket" time="0.001" /><testcase classname="tests.ai.test_asset_agent_execution_tickets" name="test_ghidra_ticket_appears_only_after_sandbox_prerequisite_is_present" time="0.002" /><testcase classname="tests.ai.test_asset_backend_registry" name="test_executable_inventory_separates_networkless_cli_from_sandbox_methods" time="0.000" /><testcase classname="tests.ai.test_asset_backend_registry" name="test_only_ghidra_has_concrete_isolated_binary_backend_today" time="0.000" /><testcase classname="tests.ai.test_asset_backend_registry" name="test_mobile_runtime_methods_do_not_look_production_ready_without_backend" time="0.000" /><testcase classname="tests.ai.test_asset_backend_registry" name="test_firmware_extension_is_supported_but_emulation_requires_dynamic_policy" time="0.000" /><testcase classname="tests.ai.test_asset_backend_registry" name="test_api_network_methods_are_classified_as_dynamic_policy_not_offline_execution" time="0.001" /><testcase classname="tests.ai.test_asset_backend_registry" name="test_missing_artifact_stays_semantically_blocked_even_if_cli_backend_exists" time="0.001" /><testcase classname="tests.ai.test_asset_capabilities" name="test_all_bug_bounty_asset_types_are_first_class" time="0.002" /><testcase classname="tests.ai.test_asset_capabilities" name="test_store_listing_does_not_fake_binary_access" time="0.001" /><testcase classname="tests.ai.test_asset_capabilities" name="test_android_store_unlocks_real_binary_tools_only_with_artifact" time="0.000" /><testcase classname="tests.ai.test_asset_capabilities" name="test_cloud_accounts_require_authorized_credentials" time="0.000" /><testcase classname="tests.ai.test_asset_capabilities" name="test_ai_model_separates_file_scan_from_endpoint_red_team" time="0.000" /><testcase classname="tests.ai.test_asset_capabilities" name="test_firmware_enables_binwalk_and_downstream_sbom_scanners" time="0.000" /><testcase classname="tests.ai.test_asset_capabilities" name="test_api_spec_adds_stateful_restler_lane" time="0.000" /><testcase classname="tests.ai.test_asset_capabilities" name="test_real_tools_are_selected_for_source_binary_and_contracts" time="0.000" /><testcase classname="tests.ai.test_asset_cli_executor" name="test_executor_uses_ready_exact_binary_argv_and_sanitized_env" time="0.023" /><testcase classname="tests.ai.test_asset_cli_executor" name="test_executor_blocks_network_state_change_and_non_local_before_runner" time="0.007" /><testcase classname="tests.ai.test_asset_cli_executor" name="test_executor_rejects_missing_inputs_unknown_placeholders_and_unhealthy_runtime" time="0.003" /><testcase classname="tests.ai.test_asset_cli_executor" name="test_retained_workspace_manifest_and_explicit_cleanup" time="0.013" /><testcase classname="tests.ai.test_asset_cli_executor" name="test_nonexistent_path_is_rejected_before_runtime_probe" time="0.003" /><testcase classname="tests.ai.test_asset_deep_agents" name="test_mobile_runtime_tool_is_selected_but_state_change_stays_human_gated" time="0.002" /><testcase classname="tests.ai.test_asset_deep_agents" name="test_kubernetes_scanner_requires_cluster_access_and_network_authorization" time="0.001" /><testcase classname="tests.ai.test_asset_deep_agents" name="test_ai_red_team_depth_remains_network_state_and_human_gated" time="0.003" /><testcase classname="tests.ai.test_asset_deep_agents" name="test_specialist_android_and_api_agents_join_the_council" time="0.001" /><testcase classname="tests.ai.test_asset_deep_capabilities" name="test_all_extended_asset_classes_are_supported" time="0.000" /><testcase classname="tests.ai.test_asset_deep_capabilities" name="test_android_static_and_runtime_tools_have_separate_prerequisites" time="0.000" /><testcase classname="tests.ai.test_asset_deep_capabilities" name="test_ios_runtime_requires_test_runtime_not_just_ipa" time="0.000" /><testcase classname="tests.ai.test_asset_deep_capabilities" name="test_binary_depth_uses_sandbox_and_platform_specific_pefile" time="0.000" /><testcase classname="tests.ai.test_asset_deep_capabilities" name="test_source_language_specialists_are_profile_driven" time="0.000" /><testcase classname="tests.ai.test_asset_deep_capabilities" name="test_network_service_hints_unlock_protocol_specialists" time="0.000" /><testcase classname="tests.ai.test_asset_deep_capabilities" name="test_contract_fuzzers_wait_for_isolated_sandbox" time="0.000" /><testcase classname="tests.ai.test_asset_deep_capabilities" name="test_firmware_emulation_waits_for_sandbox" time="0.000" /><testcase classname="tests.ai.test_asset_deep_capabilities" name="test_schema_guided_api_testing_requires_spec_and_endpoint" time="0.000" /><testcase classname="tests.ai.test_asset_deep_capabilities" name="test_cloud_depth_adds_real_identity_and_posture_tools" time="0.000" /><testcase classname="tests.ai.test_asset_deep_capabilities" name="test_kubernetes_cluster_access_is_distinct_from_cloud_credentials" time="0.000" /><testcase classname="tests.ai.test_asset_deep_capabilities" name="test_container_and_registry_assets_have_real_specialized_lanes" time="0.000" /><testcase classname="tests.ai.test_asset_deep_capabilities" name="test_source_like_new_assets_inherit_source_security_stack" time="0.000" /><testcase classname="tests.ai.test_asset_deep_capabilities" name="test_protocol_asset_classes_route_to_real_methods" time="0.000" /><testcase classname="tests.ai.test_asset_deep_capabilities" name="test_package_and_terraform_assets_keep_execution_off_by_default" time="0.001" /><testcase classname="tests.ai.test_asset_deep_capabilities" name="test_ai_depth_separates_artifact_endpoint_auth_and_sandbox" time="0.002" /><testcase classname="tests.ai.test_asset_deep_capabilities" name="test_runtime_requirement_enum_documents_distinct_authorizations" time="0.001" /><testcase classname="tests.ai.test_asset_execution_facade" name="test_generic_host_execution_cannot_satisfy_isolated_sandbox_requirement" time="0.001" /><testcase classname="tests.ai.test_asset_execution_facade" name="test_generic_host_execution_cannot_satisfy_mobile_runtime_requirement" time="0.001" /><testcase classname="tests.ai.test_asset_execution_router" name="test_router_executes_ready_local_cli_and_normalizes_candidates" time="0.019" /><testcase classname="tests.ai.test_asset_execution_router" name="test_router_executes_only_registered_internal_mobsf_method" time="0.016" /><testcase classname="tests.ai.test_asset_execution_router" name="test_router_routes_ghidra_only_through_bubblewrap_sandbox" time="0.046" /><testcase classname="tests.ai.test_asset_execution_router" name="test_ticket_issuer_refuses_network_state_change_and_unregistered_methods" time="0.001" /><testcase classname="tests.ai.test_asset_execution_router" name="test_router_rejects_scope_and_method_ticket_mismatch" time="0.003" /><testcase classname="tests.ai.test_asset_execution_router" name="test_router_does_not_treat_remote_string_as_local_artifact" time="0.003" /><testcase classname="tests.ai.test_asset_execution_ticket" name="test_artifact_method_requires_authorized_artifact" time="0.002" /><testcase classname="tests.ai.test_asset_execution_ticket" name="test_ghidra_requires_artifact_and_isolated_sandbox" time="0.001" /><testcase classname="tests.ai.test_asset_execution_ticket" name="test_ticket_integrity_and_scope_are_checked" time="0.001" /><testcase classname="tests.ai.test_asset_executor" name="test_internal_executor_dispatches_only_mobsf_static" time="0.005" /><testcase classname="tests.ai.test_asset_executor" name="test_internal_executor_requires_artifact_and_never_shell_falls_through" time="0.001" /><testcase classname="tests.ai.test_asset_normalizers" name="test_grype_reuses_existing_parser_and_attaches_compact_runtime_provenance" time="0.001" /><testcase classname="tests.ai.test_asset_normalizers" name="test_modelscan_exit_one_is_success_with_findings_and_never_claims_deserialization" time="0.001" /><testcase classname="tests.ai.test_asset_normalizers" name="test_modelscan_recurses_wrappers_but_ignores_summary_and_sensitive_subtrees" time="0.002" /><testcase classname="tests.ai.test_asset_normalizers" name="test_modelscan_error_exit_never_promotes_stale_json_candidates" time="0.001" /><testcase classname="tests.ai.test_asset_normalizers" name="test_syft_is_inventory_observation_not_a_fake_vulnerability" time="0.001" /><testcase classname="tests.ai.test_asset_normalizers" name="test_unknown_extractor_stays_observation_even_with_json_output" time="0.000" /><testcase classname="tests.ai.test_asset_normalizers" name="test_malformed_json_never_creates_candidates" time="0.001" /><testcase classname="tests.ai.test_asset_runtime" name="test_runtime_overlay_separates_cli_internal_unknown_and_prerequisite_blocked" time="0.016" /><testcase classname="tests.ai.test_asset_runtime" name="test_mobsf_is_a_concrete_internal_adapter_not_runtime_unknown" time="0.000" /><testcase classname="tests.ai.test_asset_runtime" name="test_ghidra_runtime_requires_versioned_launcher_and_bubblewrap" time="0.025" /><testcase classname="tests.ai.test_asset_runtime" name="test_runtime_overlay_blocks_missing_cli_without_executing_scan_target" time="0.001" /><testcase classname="tests.ai.test_auto_hint" name="test_sample_skips_tests_and_vendor" time="0.023" /><testcase classname="tests.ai.test_auto_hint" name="test_generate_hint_formats_lead" time="0.010" /><testcase classname="tests.ai.test_auto_hint" name="test_empty_sources_no_hint" time="0.000" /><testcase classname="tests.ai.test_auto_hint" name="test_client_error_degrades_to_empty" time="0.006" /><testcase classname="tests.ai.test_auto_hint" name="test_auto_hint_for_end_to_end" time="0.009" /><testcase classname="tests.ai.test_auto_hint" name="test_psalm_config_generates_xml" time="0.026" /><testcase classname="tests.ai.test_auto_hunt" name="test_expected_value_scales_with_findability_and_reward" time="0.001" /><testcase classname="tests.ai.test_auto_hunt" name="test_rank_is_ev_desc_and_drops_below_min_ev" time="0.001" /><testcase classname="tests.ai.test_auto_hunt" name="test_hunter_hunts_top_targets_within_budget" time="0.001" /><testcase classname="tests.ai.test_auto_hunt" name="test_hunter_isolates_a_failing_target" time="0.001" /><testcase classname="tests.ai.test_auto_hunt" name="test_events_are_emitted_for_progress" time="0.001" /><testcase classname="tests.ai.test_auto_hunt" name="test_session_summary_shape" time="0.001" /><testcase classname="tests.ai.test_auto_hunt" name="test_build_targets_from_ranking" time="0.015" /><testcase classname="tests.ai.test_auto_hunt" name="test_make_hunt_fn_is_importable" time="0.001" /><testcase classname="tests.ai.test_binary_metadata" name="test_pe64_mitigation_flags_are_observations_without_false_candidates" time="0.032" /><testcase classname="tests.ai.test_binary_metadata" name="test_pe_missing_nx_and_aslr_emits_only_unverified_context_hypotheses" time="0.025" /><testcase classname="tests.ai.test_binary_metadata" name="test_elf64_non_executable_stack_relro_and_pie_are_observations" time="0.014" /><testcase classname="tests.ai.test_binary_metadata" name="test_elf_executable_stack_emits_medium_unverified_hypothesis" time="0.009" /><testcase classname="tests.ai.test_binary_metadata" name="test_architecture_maps_arm_and_big_endian_elf" time="0.011" /><testcase classname="tests.ai.test_binary_metadata" name="test_truncated_invalid_and_unsupported_images_fail_closed" time="0.018" /><testcase classname="tests.ai.test_binary_metadata" name="test_empty_binary_is_rejected" time="0.003" /><testcase classname="tests.ai.test_binary_pipeline" name="test_pipeline_combines_header_hypotheses_grype_and_inventory_observations" time="0.045" /><testcase classname="tests.ai.test_binary_pipeline" name="test_pipeline_records_missing_bubblewrap_as_scanner_failures_but_keeps_metadata" time="0.032" /><testcase classname="tests.ai.test_binary_pipeline" name="test_pipeline_does_not_run_ghidra_without_explicit_sandbox_availability" time="0.005" /><testcase classname="tests.ai.test_binary_pipeline" name="test_unsupported_binary_stops_before_scanners" time="0.012" /><testcase classname="tests.ai.test_briefing" name="test_collect_only_confirmed" time="0.009" /><testcase classname="tests.ai.test_briefing" name="test_ranking_corroboration_then_bounty" time="0.014" /><testcase classname="tests.ai.test_briefing" name="test_render_empty_is_honest" time="0.005" /><testcase classname="tests.ai.test_briefing" name="test_build_writes_file" time="0.022" /><testcase classname="tests.ai.test_browser_executor" name="test_dom_and_console_feed_the_oracle" time="0.001" /><testcase classname="tests.ai.test_browser_executor" name="test_dom_content_is_returned_as_text" time="0.000" /><testcase classname="tests.ai.test_browser_executor" name="test_refuses_non_local" time="0.000" /><testcase classname="tests.ai.test_browser_executor" name="test_auth_header_is_applied" time="0.000" /><testcase classname="tests.ai.test_browser_executor" name="test_missing_playwright_raises_actionable_error" time="0.005" /><testcase classname="tests.ai.test_browser_executor" name="test_agent_uses_browser_executor_end_to_end" time="0.001" /><testcase classname="tests.ai.test_caller_trace" name="test_find_callers_php" time="0.018" /><testcase classname="tests.ai.test_caller_trace" name="test_find_callers_skips_definition" time="0.013" /><testcase classname="tests.ai.test_caller_trace" name="test_caller_slices_for_finding" time="0.022" /><testcase classname="tests.ai.test_caller_trace" name="test_no_enclosing_function_returns_empty" time="0.014" /><testcase classname="tests.ai.test_candidate_reduction" name="test_path_class" time="0.000" /><testcase classname="tests.ai.test_candidate_reduction" name="test_hygiene_rules_are_suppressed_with_reasons" time="0.000" /><testcase classname="tests.ai.test_candidate_reduction" name="test_dependency_advisories_are_suppressed_so_real_findings_surface" time="0.000" /><testcase classname="tests.ai.test_candidate_reduction" name="test_real_cwe_ids_are_not_mistaken_for_advisories" time="0.000" /><testcase classname="tests.ai.test_candidate_reduction" name="test_checkov_docker_prefix_family_collapses" time="0.000" /><testcase classname="tests.ai.test_candidate_reduction" name="test_placeholder_and_bench_secrets_suppressed_but_real_source_secret_survives" time="0.000" /><testcase classname="tests.ai.test_candidate_reduction" name="test_real_injection_in_nonproduct_path_is_suppressed" time="0.000" /><testcase classname="tests.ai.test_candidate_reduction" name="test_real_candidates_survive" time="0.001" /><testcase classname="tests.ai.test_candidate_reduction" name="test_cross_engine_corroboration_boosts_score" time="0.001" /><testcase classname="tests.ai.test_candidate_reduction" name="test_broadened_nonproduct_paths" time="0.001" /><testcase classname="tests.ai.test_candidate_reduction" name="test_brakeman_is_weak_single_engine_but_corroborated_survives" time="0.001" /><testcase classname="tests.ai.test_candidate_reduction" name="test_njsscan_and_shell_subprocess_are_weak_single_engine" time="0.000" /><testcase classname="tests.ai.test_candidate_reduction" name="test_weak_single_engine_needs_corroboration" time="0.000" /><testcase classname="tests.ai.test_candidate_reduction" name="test_unverified_detect_secrets_in_source_needs_corroboration" time="0.000" /><testcase classname="tests.ai.test_candidate_reduction" name="test_exact_duplicates_collapse" time="0.000" /><testcase classname="tests.ai.test_candidate_reduction" name="test_funnel_reduces_noise_to_a_handful" time="0.001" /><testcase classname="tests.ai.test_canonical_mission" name="test_opportunity_compiles_to_typed_cross_asset_mission" time="0.000" /><testcase classname="tests.ai.test_canonical_mission" name="test_missing_acquisition_state_is_explicit_on_every_task" time="0.000" /><testcase classname="tests.ai.test_canonical_mission" name="test_typed_mission_roundtrips_and_retry_exhaustion_is_terminal" time="0.042" /><testcase classname="tests.ai.test_canonical_mission" name="test_worker_matching_distinguishes_ready_waiting_dynamic_and_unavailable" time="0.001" /><testcase classname="tests.ai.test_carpet_sweep" name="test_sweep_finds_and_persists" time="0.053" /><testcase classname="tests.ai.test_carpet_sweep" name="test_skip_unchanged_commit" time="0.101" /><testcase classname="tests.ai.test_carpet_sweep" name="test_force_rescans_unchanged" time="0.108" /><testcase classname="tests.ai.test_carpet_sweep" name="test_ranking_by_reward_times_severity" time="0.057" /><testcase classname="tests.ai.test_carpet_sweep" name="test_inactive_programs_skipped" time="0.042" /><testcase classname="tests.ai.test_client" name="test_complete_returns_content" time="0.001" /><testcase classname="tests.ai.test_client" name="test_complete_json_parses" time="0.001" /><testcase classname="tests.ai.test_client" name="test_complete_json_salvages_wrapped_object" time="0.001" /><testcase classname="tests.ai.test_client" name="test_http_error_is_wrapped" time="0.001" /><testcase classname="tests.ai.test_client" name="test_unexpected_shape_raises" time="0.001" /><testcase classname="tests.ai.test_client" name="test_invalid_json_raises" time="0.001" /><testcase classname="tests.ai.test_client" name="test_sends_auth_model_and_json_mode" time="0.001" /><testcase classname="tests.ai.test_client" name="test_openrouter_disables_reasoning" time="0.001" /><testcase classname="tests.ai.test_client" name="test_deepseek_provider_has_no_reasoning_key" time="0.001" /><testcase classname="tests.ai.test_client" name="test_from_env_requires_key" time="0.000" /><testcase classname="tests.ai.test_client" name="test_retries_transient_transport_error_then_succeeds" time="0.001" /><testcase classname="tests.ai.test_client" name="test_retries_429_then_succeeds" time="0.003" /><testcase classname="tests.ai.test_client" name="test_4xx_fails_fast_without_retry" time="0.001" /><testcase classname="tests.ai.test_client" name="test_transient_error_exhausts_retries_and_raises" time="0.001" /><testcase classname="tests.ai.test_complete_production_execution_coverage" name="test_all_32_hunter_techniques_have_exact_production_executor_contracts" time="0.000" /><testcase classname="tests.ai.test_contract_properties" name="test_infer_returns_validated_properties" time="0.000" /><testcase classname="tests.ai.test_contract_properties" name="test_infer_drops_invalid_and_survives_bad_client" time="0.000" /><testcase classname="tests.ai.test_contract_properties" name="test_property_ident_is_solidity_safe" time="0.001" /><testcase classname="tests.ai.test_contract_properties" name="test_foundry_render_has_invariant_functions_and_expr" time="0.001" /><testcase classname="tests.ai.test_contract_properties" name="test_foundry_render_fills_placeholder_when_no_expr" time="0.001" /><testcase classname="tests.ai.test_contract_properties" name="test_halmos_render_has_check_functions" time="0.000" /><testcase classname="tests.ai.test_contract_properties" name="test_write_suite_creates_files" time="0.016" /><testcase classname="tests.ai.test_contract_static_pipeline" name="test_default_pipeline_uses_only_slither_and_mythril_inside_networkless_namespace" time="0.043" /><testcase classname="tests.ai.test_contract_static_pipeline" name="test_missing_bubblewrap_preserves_engine_failures_without_host_fallback" time="0.006" /><testcase classname="tests.ai.test_contract_static_pipeline" name="test_source_mutation_during_scanner_run_is_detected" time="0.029" /><testcase classname="tests.ai.test_contract_static_pipeline" name="test_non_solidity_and_missing_sources_fail_before_tool_execution" time="0.003" /><testcase classname="tests.ai.test_controlled_browser_executor" name="test_oauth_workflow_validates_redirect_state_nonce_and_pkce_with_redacted_artifacts" time="0.002" /><testcase classname="tests.ai.test_controlled_browser_executor" name="test_postmessage_wildcard_origin_is_a_positive_violation" time="0.002" /><testcase classname="tests.ai.test_controlled_browser_executor" name="test_recovery_and_session_invalidation_use_real_structured_observations" time="0.001" /><testcase classname="tests.ai.test_controlled_browser_executor" name="test_browser_missing_registration_secrets_and_grant_fail_closed" time="0.001" /><testcase classname="tests.ai.test_corroboration" name="test_engine_normalization" time="0.000" /><testcase classname="tests.ai.test_corroboration" name="test_three_engines_same_location_corroborate" time="0.000" /><testcase classname="tests.ai.test_corroboration" name="test_far_apart_lines_do_not_corroborate" time="0.000" /><testcase classname="tests.ai.test_corroboration" name="test_different_files_do_not_corroborate" time="0.000" /><testcase classname="tests.ai.test_corroboration" name="test_same_engine_twice_counts_once" time="0.000" /><testcase classname="tests.ai.test_corroboration" name="test_missing_location_is_lone" time="0.000" /><testcase classname="tests.ai.test_cost" name="test_records_cost_and_calls" time="0.004" /><testcase classname="tests.ai.test_cost" name="test_empty_usage_is_ignored" time="0.005" /><testcase classname="tests.ai.test_cost" name="test_over_budget_respects_cap" time="0.003" /><testcase classname="tests.ai.test_cost" name="test_no_cap_means_never_over" time="0.003" /><testcase classname="tests.ai.test_cost" name="test_state_persists" time="0.014" /><testcase classname="tests.ai.test_ct_provider" name="test_crtsh_provider_normalizes_deduplicates_and_preserves_provenance" time="0.000" /><testcase classname="tests.ai.test_ct_provider" name="test_crtsh_provider_rejects_invalid_domain_before_fetch[https://example.test]" time="0.001" /><testcase classname="tests.ai.test_ct_provider" name="test_crtsh_provider_rejects_invalid_domain_before_fetch[bad domain]" time="0.000" /><testcase classname="tests.ai.test_ct_provider" name="test_crtsh_provider_rejects_invalid_domain_before_fetch[]" time="0.000" /><testcase classname="tests.ai.test_ct_provider" name="test_crtsh_provider_failure_and_size_budget_are_explicit" time="0.000" /><testcase classname="tests.ai.test_deterministic_hunter_executors" name="test_javascript_and_source_map_capabilities_dispatch_existing_agents" time="0.001" /><testcase classname="tests.ai.test_deterministic_hunter_executors" name="test_public_identifier_and_certificate_dispatch_preserve_inferred_scope" time="0.001" /><testcase classname="tests.ai.test_deterministic_hunter_executors" name="test_exploit_chain_dispatch_preserves_nullable_payout_and_prerequisites" time="0.002" /><testcase classname="tests.ai.test_deterministic_hunter_executors" name="test_internal_dispatch_requires_provenance_and_exact_signed_grant" time="0.001" /><testcase classname="tests.ai.test_diagnostic" name="test_doctor_is_offline_by_default" time="0.001" /><testcase classname="tests.ai.test_diagnostic" name="test_live_doctor_prints_usage_not_content_or_secret" time="0.001" /><testcase classname="tests.ai.test_diagnostic" name="test_live_doctor_requires_key" time="0.001" /><testcase classname="tests.ai.test_diagnostic" name="test_live_doctor_sanitizes_provider_failure" time="0.001" /><testcase classname="tests.ai.test_disclosed_reports" name="test_fetch_filters_vdp_and_noise" time="0.000" /><testcase classname="tests.ai.test_disclosed_reports" name="test_visible_amount_kept_hidden_estimated" time="0.000" /><testcase classname="tests.ai.test_disclosed_reports" name="test_severity_from_priority" time="0.000" /><testcase classname="tests.ai.test_disclosed_reports" name="test_basic_summary_present" time="0.000" /><testcase classname="tests.ai.test_disclosed_reports" name="test_hackerone_degrades_empty" time="0.000" /><testcase classname="tests.ai.test_disclosed_reports" name="test_collect_dedupes_and_stores" time="0.015" /><testcase classname="tests.ai.test_disclosed_reports" name="test_llm_summary_used_when_client_given" time="0.016" /><testcase classname="tests.ai.test_disclosed_reports" name="test_llm_summary_degrades_on_error" time="0.011" /><testcase classname="tests.ai.test_dual_agent" name="test_validator_confirms_genuine_impact" time="0.001" /><testcase classname="tests.ai.test_dual_agent" name="test_validator_downgrades_spurious_trigger" time="0.000" /><testcase classname="tests.ai.test_dual_agent" name="test_validator_cannot_upgrade_a_miss" time="0.000" /><testcase classname="tests.ai.test_dual_agent" name="test_invalid_validator_output_fails_closed" time="0.000" /><testcase classname="tests.ai.test_dual_agent" name="test_differential_flag_routes_to_differential_run" time="0.000" /><testcase classname="tests.ai.test_economics" name="test_estimate_uses_program_table" time="0.000" /><testcase classname="tests.ai.test_economics" name="test_unknown_program_falls_back_to_default" time="0.000" /><testcase classname="tests.ai.test_economics" name="test_agreement_confidence_scales" time="0.000" /><testcase classname="tests.ai.test_economics" name="test_expected_gain_rises_with_agreement" time="0.000" /><testcase classname="tests.ai.test_economics" name="test_estimate_dict_shape_has_the_money_fields" time="0.000" /><testcase classname="tests.ai.test_economics" name="test_enrich_row_attaches_economics" time="0.000" /><testcase classname="tests.ai.test_enrich" name="test_enrich_attaches_triage_block" time="0.000" /><testcase classname="tests.ai.test_enrich" name="test_enrich_survives_bad_model_output" time="0.000" /><testcase classname="tests.ai.test_enrich" name="test_enrich_drops_out_of_range_score" time="0.001" /><testcase classname="tests.ai.test_enrich" name="test_trust_model_gate_carried_through" time="0.000" /><testcase classname="tests.ai.test_enrich" name="test_enrich_report_only_confirmed" time="0.020" /><testcase classname="tests.ai.test_enrich" name="test_enrichment_model_defaults_are_safe" time="0.001" /><testcase classname="tests.ai.test_etherscan_source" name="test_parse_single_flat_file" time="0.000" /><testcase classname="tests.ai.test_etherscan_source" name="test_parse_multifile_json" time="0.000" /><testcase classname="tests.ai.test_etherscan_source" name="test_parse_double_brace_standard_json_input" time="0.000" /><testcase classname="tests.ai.test_etherscan_source" name="test_list_and_read_verified_source" time="0.001" /><testcase classname="tests.ai.test_etherscan_source" name="test_missing_api_key_is_actionable" time="0.000" /><testcase classname="tests.ai.test_etherscan_source" name="test_unverified_contract_raises" time="0.001" /><testcase classname="tests.ai.test_etherscan_source" name="test_explorer_error_status_raises" time="0.001" /><testcase classname="tests.ai.test_etherscan_source" name="test_source_is_cached_one_call_per_address" time="0.001" /><testcase classname="tests.ai.test_etherscan_source" name="test_hunt_pipeline_accepts_the_fetcher_interface" time="0.001" /><testcase classname="tests.ai.test_execution_kernel" name="test_router_dispatches_offline_cli_through_networkless_sandbox" time="0.001" /><testcase classname="tests.ai.test_execution_kernel" name="test_networkless_backend_unshares_network" time="0.001" /><testcase classname="tests.ai.test_execution_kernel" name="test_scanner_pins_are_mandatory_in_production" time="0.009" /><testcase classname="tests.ai.test_execution_kernel" name="test_health_probe_env_scrubs_credentials" time="0.001" /><testcase classname="tests.ai.test_firmware_capability_agent" name="test_non_hardware_assets_get_no_firmware_extension_proposals" time="0.000" /><testcase classname="tests.ai.test_firmware_capability_agent" name="test_hardware_without_firmware_surfaces_prerequisite_only" time="0.001" /><testcase classname="tests.ai.test_firmware_capability_agent" name="test_authorized_firmware_emits_ticketed_bounded_extraction_proposal" time="0.001" /><testcase classname="tests.ai.test_firmware_pipeline" name="test_pipeline_metadata_extract_surface_grype_and_cleanup" time="0.060" /><testcase classname="tests.ai.test_firmware_pipeline" name="test_raw_squashfs_stops_at_isolated_filesystem_backend_requirement" time="0.014" /><testcase classname="tests.ai.test_firmware_pipeline" name="test_pipeline_records_unavailable_followup_without_hiding_safe_stages" time="0.031" /><testcase classname="tests.ai.test_firmware_pipeline" name="test_pipeline_can_retain_rootfs_only_when_explicitly_requested" time="0.022" /><testcase classname="tests.ai.test_firmware_static" name="test_static_firmware_detects_format_architecture_init_and_services" time="0.012" /><testcase classname="tests.ai.test_firmware_static" name="test_static_firmware_detects_big_endian_arm_like_elf_independently" time="0.014" /><testcase classname="tests.ai.test_firmware_static" name="test_static_firmware_size_and_scan_limits_fail_closed" time="0.014" /><testcase classname="tests.ai.test_firmware_static" name="test_ticket_and_router_require_authorized_firmware_and_emit_observation_only" time="0.010" /><testcase classname="tests.ai.test_focus" name="test_language_of" time="0.001" /><testcase classname="tests.ai.test_focus" name="test_focus_text_names_guards_and_anchor_cwes" time="0.002" /><testcase classname="tests.ai.test_focus" name="test_focus_text_empty_for_unknown_extension" time="0.000" /><testcase classname="tests.ai.test_focus" name="test_framework_note_detects_stack_from_content" time="0.000" /><testcase classname="tests.ai.test_focus" name="test_negative_examples_list_the_rejected_shapes" time="0.000" /><testcase classname="tests.ai.test_fresh_commits" name="test_is_source_filters_production_code" time="0.000" /><testcase classname="tests.ai.test_fresh_commits" name="test_recent_files_ranked_by_frequency_then_recency" time="0.000" /><testcase classname="tests.ai.test_fresh_commits" name="test_recent_files_empty_on_bad_response" time="0.000" /><testcase classname="tests.ai.test_fresh_commits" name="test_changed_line_ranges_from_real_commit" time="0.435" /><testcase classname="tests.ai.test_fresh_commits" name="test_changed_lines_hint_renders_or_empty" time="0.000" /><testcase classname="tests.ai.test_fresh_watch" name="test_first_sighting_not_fresh_by_default" time="0.003" /><testcase classname="tests.ai.test_fresh_watch" name="test_new_commit_detected" time="0.009" /><testcase classname="tests.ai.test_fresh_watch" name="test_no_change_not_fresh" time="0.004" /><testcase classname="tests.ai.test_fresh_watch" name="test_first_seen_is_fresh_opt_in" time="0.005" /><testcase classname="tests.ai.test_fresh_watch" name="test_state_persists_across_instances" time="0.016" /><testcase classname="tests.ai.test_gateway_client" name="test_gateway_client_adds_identity_and_parses_content" time="0.001" /><testcase classname="tests.ai.test_gateway_client" name="test_gateway_failure_is_planner_compatible_error" time="0.001" /><testcase classname="tests.ai.test_ghidra_sandbox" name="test_ghidra_runs_inside_unshared_read_only_bubblewrap_namespace" time="0.039" /><testcase classname="tests.ai.test_ghidra_sandbox" name="test_ghidra_refuses_unversioned_install_before_sandbox_runner" time="0.008" /><testcase classname="tests.ai.test_ghidra_sandbox" name="test_ghidra_refuses_missing_bubblewrap_before_analysis" time="0.008" /><testcase classname="tests.ai.test_ghidra_sandbox" name="test_ghidra_ticket_must_explicitly_include_sandbox_requirement" time="0.009" /><testcase classname="tests.ai.test_github_source" name="test_rate_limit_403_becomes_actionable_error" time="0.372" /><testcase classname="tests.ai.test_github_source" name="test_token_sets_authorization_header" time="0.441" /><testcase classname="tests.ai.test_github_source" name="test_no_token_sends_no_authorization_header" time="0.444" /><testcase classname="tests.ai.test_github_source" name="test_list_paths_parses_tree_and_commit" time="0.210" /><testcase classname="tests.ai.test_github_source" name="test_non_ratelimit_403_still_raises_http_error" time="0.231" /><testcase classname="tests.ai.test_grpc_identity_executor" name="test_real_local_synthetic_grpc_target_uses_registered_descriptor" time="0.072" /><testcase classname="tests.ai.test_grpc_identity_executor" name="test_grpc_negative_control_and_scope_pinned_metadata_are_canonical" time="0.017" /><testcase classname="tests.ai.test_grpc_identity_executor" name="test_grpc_cross_identity_canary_is_a_positive_violation" time="0.014" /><testcase classname="tests.ai.test_grpc_identity_executor" name="test_grpc_missing_schema_budget_and_grant_fail_closed" time="0.017" /><testcase classname="tests.ai.test_grpc_identity_executor" name="test_grpc_binding_and_exact_capability_are_enforced" time="0.005" /><testcase classname="tests.ai.test_grpc_identity_executor" name="test_grpc_executor_registers_as_real_production_capability" time="0.004" /><testcase classname="tests.ai.test_high_signal_scanners" name="test_detect_secrets_is_registered_for_the_secrets_lane" time="0.000" /><testcase classname="tests.ai.test_high_signal_scanners" name="test_detect_secrets_parser_redacts_secret_and_preserves_provenance" time="0.000" /><testcase classname="tests.ai.test_high_signal_scanners" name="test_semgrep_parser_keeps_rule_signal_metadata" time="0.000" /><testcase classname="tests.ai.test_high_signal_scanners" name="test_carpet_corroborates_independent_scanners" time="0.003" /><testcase classname="tests.ai.test_high_signal_scanners" name="test_high_signal_hit_ranks_above_pattern_only_hit" time="0.000" /><testcase classname="tests.ai.test_high_signal_scanners" name="test_web_taint_rules_are_packaged_and_content_pinned" time="0.004" /><testcase classname="tests.ai.test_http_desync_policy" name="test_source_request_smuggling_hint_is_visible_but_not_executable" time="0.001" /><testcase classname="tests.ai.test_http_desync_policy" name="test_evidence_backed_desync_task_still_requires_full_active_authorization" time="0.001" /><testcase classname="tests.ai.test_http_identity_executor" name="test_real_
[...]
ler.test_document_adapter_coordinator" name="test_malformed_document_is_quarantined_without_raw_output" time="0.118" /><testcase classname="tests.scheduler.test_profit_ranking" name="test_score_exposes_gross_cost_and_net_components" time="0.000" /><testcase classname="tests.scheduler.test_profit_ranking" name="test_probability_and_bounty_increase_rank_while_cost_and_duplicates_reduce_it" time="0.001" /><testcase classname="tests.scheduler.test_profit_ranking" name="test_missing_bounty_is_explicit_and_does_not_outrank_known_positive_value" time="0.001" /><testcase classname="tests.scheduler.test_profit_ranking" name="test_allocation_reserves_capacity_for_deterministic_exploration" time="0.001" /><testcase classname="tests.scheduler.test_profit_ranking" name="test_canonical_opportunity_exposes_cross_asset_identity_and_decomposed_economics" time="0.001" /><testcase classname="tests.scheduler.test_profit_ranking" name="test_negative_value_is_not_exploited_but_can_use_bounded_exploration" time="0.001" /><testcase classname="tests.scheduler.test_streaming" name="test_progress_is_recorded_while_the_task_is_still_running" time="0.154" /><testcase classname="tests.scheduler.test_streaming" name="test_progress_survives_as_its_own_record" time="0.160" /><testcase classname="tests.scheduler.test_streaming" name="test_streaming_consumer_starts_before_its_producer_settles" time="0.077" /><testcase classname="tests.scheduler.test_streaming" name="test_consumer_waits_until_the_stream_has_enough_events" time="0.079" /><testcase classname="tests.scheduler.test_streaming" name="test_blocking_dependency_still_waits_for_completion" time="0.079" /><testcase classname="tests.scheduler.test_streaming" name="test_a_streaming_scan_runs_to_completion" time="0.311" /><testcase classname="tests.scheduler.test_streaming" name="test_streamed_observations_are_promoted_only_on_clean_completion" time="0.172" /><testcase classname="tests.scheduler.test_streaming" name="test_quarantined_stream_is_never_promoted_into_the_graph" time="0.166" /><testcase classname="tests.scheduler.test_streaming" name="test_provisional_rows_are_hidden_from_the_graph_view[states0-False]" time="0.079" /><testcase classname="tests.scheduler.test_streaming" name="test_provisional_rows_are_hidden_from_the_graph_view[None-True]" time="0.095" /><testcase classname="tests.sensitive.test_classifier" name="test_deterministic_patterns_are_classified[-----BEGIN RSA PRIVATE KEY-----\nMIIEpAIBAAKCAQEA...\n-----END RSA PRIVATE KEY------private_key]" time="0.003" /><testcase classname="tests.sensitive.test_classifier" name="test_deterministic_patterns_are_classified[AKIAIOSFODNN7EXAMPLE-credential]" time="0.001" /><testcase classname="tests.sensitive.test_classifier" name="test_deterministic_patterns_are_classified[eyJhbGciOiJIUzI1NiIsInR5cCI6IkpXVCJ9.eyJzdWIiOiIxMjM0NTY3ODkwIn0.dozjgNryP4J3jVmNHl0w5N-session_token]" time="0.001" /><testcase classname="tests.sensitive.test_classifier" name="test_deterministic_patterns_are_classified[Authorization: Bearer eyJhbGciOiJIUzI1NiIsInR5cCI6IkpXVCJ9.eyJzdWIiOiIxMjM0NTY3ODkwIn0.dozjgNryP4J3jVmNHl0w5N-session_token]" time="0.001" /><testcase classname="tests.sensitive.test_classifier" name="test_deterministic_patterns_are_classified[4111 1111 1111 1111-financial]" time="0.002" /><testcase classname="tests.sensitive.test_classifier" name="test_deterministic_patterns_are_classified[123-45-6789-direct_identifier]" time="0.003" /><testcase classname="tests.sensitive.test_classifier" name="test_invalid_card_number_is_not_financial" time="0.001" /><testcase classname="tests.sensitive.test_classifier" name="test_structured_field_is_sensitive_regardless_of_value" time="0.001" /><testcase classname="tests.sensitive.test_classifier" name="test_nested_structures_are_scanned" time="0.000" /><testcase classname="tests.sensitive.test_classifier" name="test_high_entropy_token_is_flagged" time="0.001" /><testcase classname="tests.sensitive.test_classifier" name="test_context_assignment_is_flagged" time="0.000" /><testcase classname="tests.sensitive.test_classifier" name="test_ordinary_content_is_clean" time="0.000" /><testcase classname="tests.sensitive.test_classifier" name="test_tenant_marker_is_flagged" time="0.000" /><testcase classname="tests.sensitive.test_classifier" name="test_tenant_pattern_is_flagged" time="0.000" /><testcase classname="tests.sensitive.test_classifier" name="test_ml_may_raise_suspicion_on_otherwise_clean_input" time="0.000" /><testcase classname="tests.sensitive.test_classifier" name="test_ml_cannot_downgrade_a_deterministic_match" time="0.001" /><testcase classname="tests.sensitive.test_classifier" name="test_highest_severity_category_wins" time="0.002" /><testcase classname="tests.sensitive.test_classifier" name="test_redaction_removes_raw_values" time="0.002" /><testcase classname="tests.sensitive.test_classifier" name="test_quarantine_enforces_all_five_actions" time="0.001" /><testcase classname="tests.sensitive.test_classifier" name="test_quarantined_raw_value_is_recoverable_only_with_the_key" time="0.001" /><testcase classname="tests.sensitive.test_classifier" name="test_boundary_refuses_a_clean_classification" time="0.001" /><testcase classname="tests.sensitive.test_ingestion_gate" name="test_sensitive_candidate_is_not_stored" time="0.000" /><testcase classname="tests.sensitive.test_ingestion_gate" name="test_clean_candidate_passes_the_gate" time="0.000" /><testcase classname="tests.sensitive.test_ingestion_gate" name="test_without_a_classifier_the_gate_is_inactive" time="0.000" /><testcase classname="tests.sensitive.test_ingestion_gate" name="test_coordinator_quarantines_a_task_that_leaks_sensitive_data" time="0.143" /><testcase classname="tests.sensitive.test_ingestion_gate" name="test_a_clean_target_still_succeeds" time="0.164" /><testcase classname="tests.sensitive.test_ingestion_gate" name="test_tenant_marker_triggers_quarantine" time="0.170" /><testcase classname="tests.supply.test_supplychain" name="test_sbom_retains_license_notices" time="0.000" /><testcase classname="tests.supply.test_supplychain" name="test_copyleft_in_the_distributed_set_is_surfaced" time="0.000" /><testcase classname="tests.supply.test_supplychain" name="test_digest_pinned_image_is_accepted" time="0.000" /><testcase classname="tests.supply.test_supplychain" name="test_floating_or_invalid_image_is_rejected[registry/aegis/nuclei:latest]" time="0.001" /><testcase classname="tests.supply.test_supplychain" name="test_floating_or_invalid_image_is_rejected[registry/aegis/nuclei:3.3.0]" time="0.000" /><testcase classname="tests.supply.test_supplychain" name="test_floating_or_invalid_image_is_rejected[registry/aegis/nuclei@sha256:short]" time="0.001" /><testcase classname="tests.supply.test_supplychain" name="test_release_blocked_by_a_high_severity_vulnerability" time="0.001" /><testcase classname="tests.supply.test_supplychain" name="test_below_policy_vulnerabilities_do_not_block" time="0.001" /><testcase classname="tests.supply.test_supplychain" name="test_time_limited_exception_unblocks_a_specific_vulnerability" time="0.001" /><testcase classname="tests.supply.test_supplychain" name="test_expired_exception_does_not_unblock" time="0.001" /><testcase classname="tests.supply.test_supplychain" name="test_exception_only_applies_to_its_own_vulnerability" time="0.000" /><testcase classname="tests.test_advanced_controls" name="test_proposal_gate_enforces_scope_network_request_and_cost_budgets" time="0.000" /><testcase classname="tests.test_advanced_controls" name="test_state_mutation_needs_human_approval_for_browser_and_api" time="0.000" /><testcase classname="tests.test_advanced_controls" name="test_skill_firewall_accepts_only_declarative_json" time="0.000" /><testcase classname="tests.test_advanced_controls" name="test_change_intelligence_and_model_routing" time="0.000" /><testcase classname="tests.test_authorization" name="test_rejects_extra_fields" time="0.000" /><testcase classname="tests.test_authorization" name="test_rejects_inverted_window" time="0.000" /><testcase classname="tests.test_authorization" name="test_naive_datetimes_coerced_to_utc" time="0.000" /><testcase classname="tests.test_authorization" name="test_predicates" time="0.000" /><testcase classname="tests.test_authorization" name="test_covers_target_supports_wildcards" time="0.000" /><testcase classname="tests.test_authorization" name="test_validator_accepts_valid_signed_auth" time="0.001" /><testcase classname="tests.test_authorization" name="test_validator_none_auth_escalates" time="0.001" /><testcase classname="tests.test_authorization" name="test_validator_flags_expired" time="0.001" /><testcase classname="tests.test_authorization" name="test_validator_flags_not_yet_valid" time="0.002" /><testcase classname="tests.test_authorization" name="test_validator_flags_missing_ownership_proof" time="0.001" /><testcase classname="tests.test_authorization" name="test_validator_unsigned_when_required_escalates" time="0.001" /><testcase classname="tests.test_authorization" name="test_validator_bad_signature_denies" time="0.001" /><testcase classname="tests.test_authorization" name="test_validator_can_skip_signature" time="0.036" /><testcase classname="tests.test_budget" name="test_token_bucket_starts_full_and_consumes" time="0.001" /><testcase classname="tests.test_budget" name="test_token_bucket_refills_over_time" time="0.000" /><testcase classname="tests.test_budget" name="test_token_bucket_fractional_rate" time="0.000" /><testcase classname="tests.test_budget" name="test_rate_budget_rejects_bad_params" time="0.000" /><testcase classname="tests.test_budget" name="test_rate_budget_sessions" time="0.000" /><testcase classname="tests.test_budget" name="test_spend_budget" time="0.000" /><testcase classname="tests.test_budget" name="test_spend_budget_unlimited" time="0.001" /><testcase classname="tests.test_consequence" name="test_known_action_maps_to_tier" time="0.001" /><testcase classname="tests.test_consequence" name="test_unknown_action_is_sensitive_by_default" time="0.001" /><testcase classname="tests.test_consequence" name="test_hint_can_only_raise_tier_never_lower" time="0.000" /><testcase classname="tests.test_consequence" name="test_tier_ordering" time="0.001" /><testcase classname="tests.test_consequence" name="test_policy_for_tier" time="0.000" /><testcase classname="tests.test_ed25519" name="test_sign_and_verify_roundtrip" time="0.001" /><testcase classname="tests.test_ed25519" name="test_tampered_payload_rejected" time="0.001" /><testcase classname="tests.test_ed25519" name="test_wrong_key_id_rejected" time="0.000" /><testcase classname="tests.test_ed25519" name="test_bad_signature_hex_rejected" time="0.000" /><testcase classname="tests.test_ed25519" name="test_verifier_from_hex_public_key" time="0.001" /><testcase classname="tests.test_ed25519" name="test_public_verifier_cannot_forge" time="0.001" /><testcase classname="tests.test_ed25519" name="test_requires_at_least_one_key" time="0.000" /><testcase classname="tests.test_ed25519" name="test_engine_end_to_end_with_ed25519" time="0.002" /><testcase classname="tests.test_ed25519" name="test_engine_rejects_tampered_ed25519_auth" time="0.002" /><testcase classname="tests.test_ed25519" name="test_config_prefers_ed25519" time="0.004" /><testcase classname="tests.test_engine" name="test_passive_action_in_scope_is_allowed" time="0.001" /><testcase classname="tests.test_engine" name="test_non_invasive_active_allowed_within_budget" time="0.001" /><testcase classname="tests.test_engine" name="test_out_of_scope_denied_with_scope_escape_incident" time="0.001" /><testcase classname="tests.test_engine" name="test_target_in_allowlist_but_not_auth_targets_denied" time="0.001" /><testcase classname="tests.test_engine" name="test_prohibited_action_denied" time="0.001" /><testcase classname="tests.test_engine" name="test_action_not_in_permitted_list_denied" time="0.001" /><testcase classname="tests.test_engine" name="test_sensitive_action_requires_approval_then_allows" time="0.002" /><testcase classname="tests.test_engine" name="test_partial_approval_still_requires_remaining" time="0.001" /><testcase classname="tests.test_engine" name="test_state_changing_requires_approval_by_default" time="0.001" /><testcase classname="tests.test_engine" name="test_state_changing_auto_approved_when_configured" time="0.001" /><testcase classname="tests.test_engine" name="test_config_cannot_auto_approve_sensitive" time="0.000" /><testcase classname="tests.test_engine" name="test_unknown_but_permitted_action_requires_approval" time="0.001" /><testcase classname="tests.test_engine" name="test_kill_switch_denies_everything" time="0.001" /><testcase classname="tests.test_engine" name="test_missing_authorization_escalates" time="0.000" /><testcase classname="tests.test_engine" name="test_expired_authorization_escalates" time="0.001" /><testcase classname="tests.test_engine" name="test_tampered_signature_denies" time="0.001" /><testcase classname="tests.test_engine" name="test_production_touch_on_staging_escalates" time="0.001" /><testcase classname="tests.test_engine" name="test_rate_budget_exhausted_after_commits" time="0.002" /><testcase classname="tests.test_engine" name="test_concurrency_exhausted" time="0.002" /><testcase classname="tests.test_engine" name="test_spend_budget_exceeded" time="0.001" /><testcase classname="tests.test_engine" name="test_authorize_is_non_mutating_on_budget" time="0.001" /><testcase classname="tests.test_engine" name="test_commit_records_spend" time="0.001" /><testcase classname="tests.test_engine" name="test_cannot_commit_denied_decision" time="0.001" /><testcase classname="tests.test_engine" name="test_decision_is_json_serialisable" time="0.001" /><testcase classname="tests.test_engine" name="test_audit_sink_is_called" time="0.001" /><testcase classname="tests.test_env" name="test_parse_env_basic" time="0.000" /><testcase classname="tests.test_env" name="test_parse_env_preserves_hash_in_value" time="0.000" /><testcase classname="tests.test_env" name="test_load_dotenv_sets_and_respects_existing" time="0.009" /><testcase classname="tests.test_env" name="test_load_dotenv_override" time="0.007" /><testcase classname="tests.test_env" name="test_load_dotenv_missing_file_is_noop" time="0.006" /><testcase classname="tests.test_env" name="test_load_dotenv_accepts_directory" time="0.005" /><testcase classname="tests.test_env" name="test_find_dotenv" time="0.005" /><testcase classname="tests.test_killswitch" name="test_starts_inactive" time="0.001" /><testcase classname="tests.test_killswitch" name="test_fire_latches" time="0.001" /><testcase classname="tests.test_killswitch" name="test_fire_is_idempotent_keeps_first_reason" time="0.001" /><testcase classname="tests.test_killswitch" name="test_reset" time="0.001" /><testcase classname="tests.test_licensing" name="test_no_gpl_or_agpl_license_text_in_source" time="0.227" /><testcase classname="tests.test_licensing" name="test_no_bundled_datasets_or_wordlists" time="0.059" /><testcase classname="tests.test_licensing" name="test_restricted_tools_are_not_vendored_as_modules" time="0.047" /><testcase classname="tests.test_licensing" name="test_cleanroom_modules_declare_provenance[active/parameters.py-markers0]" time="0.001" /><testcase classname="tests.test_licensing" name="test_cleanroom_modules_declare_provenance[active/routes.py-markers1]" time="0.001" /><testcase classname="tests.test_licensing" name="test_cleanroom_modules_declare_provenance[active/detectors.py-markers2]" time="0.001" /><testcase classname="tests.test_licensing" name="test_active_package_has_no_gpl_dependency_imports" time="0.006" /><testcase classname="tests.test_nextgen" name="test_recursive_graph_profit_and_evidence" time="0.040" /><testcase classname="tests.test_nextgen" name="test_lifecycle_blocks_agent_self_approval" time="0.000" /><testcase classname="tests.test_nextgen_bridge" name="test_existing_observations_and_candidates_flow_into_runtime" time="0.001" /><testcase classname="tests.test_scope" name="test_normalize_host[api.example.test-api.example.test]" time="0.001" /><testcase classname="tests.test_scope" name="test_normalize_host[API.Example.Test-api.example.test]" time="0.001" /><testcase classname="tests.test_scope" name="test_normalize_host[https://api.example.test/v1/users?x=1-api.example.test]" time="0.001" /><testcase classname="tests.test_scope" name="test_normalize_host[api.example.test:8443-api.example.test]" time="0.001" /><testcase classname="tests.test_scope" name="test_normalize_host[http://api.example.test.-api.example.test]" time="0.001" /><testcase classname="tests.test_scope" name="test_normalize_host[//app.example.test/path-app.example.test]" time="0.001" /><testcase classname="tests.test_scope" name="test_normalize_host_rejects_empty[]" time="0.000" /><testcase classname="tests.test_scope" name="test_normalize_host_rejects_empty[   ]" time="0.001" /><testcase classname="tests.test_scope" name="test_normalize_host_rejects_empty[None]" time="0.001" /><testcase classname="tests.test_scope" name="test_exact_match_only" time="0.000" /><testcase classname="tests.test_scope" name="test_exact_url_allowlist_entry_is_normalized_to_its_host" time="0.000" /><testcase classname="tests.test_scope" name="test_wildcard_matches_subdomains_not_apex" time="0.000" /><testcase classname="tests.test_scope" name="test_unparseable_destination_is_out_of_scope" time="0.000" /><testcase classname="tests.test_scope" name="test_from_authorization" time="0.000" /><testcase classname="tests.test_signing" name="test_canonical_bytes_excludes_signature_fields" time="0.000" /><testcase classname="tests.test_signing" name="test_canonical_bytes_is_order_independent" time="0.000" /><testcase classname="tests.test_signing" name="test_hmac_sign_and_verify_roundtrip" time="0.000" /><testcase classname="tests.test_signing" name="test_hmac_rejects_tampered_payload" time="0.001" /><testcase classname="tests.test_signing" name="test_hmac_rejects_unknown_key_and_missing_bits" time="0.001" /><testcase classname="tests.test_signing" name="test_hmac_requires_at_least_one_key" time="0.001" /><testcase classname="tests.test_signing" name="test_reject_all_verifier" time="0.001" /><testcase classname="tests.test_template_benchmark" name="test_manifest_digest_and_policy_summary" time="0.001" /><testcase classname="tests.test_template_benchmark" name="test_state_change_template_cannot_skip_human_approval" time="0.000" /><testcase classname="tests.test_template_benchmark" name="test_release_gate_rewards_reproduction_quality_and_cost" time="0.000" /><testcase classname="tests.tools.test_drills" name="test_drill_redis_outage_fails_closed_and_reconciles" time="0.000" /><testcase classname="tests.tools.test_drills" name="test_drill_load_does_not_overbook_under_concurrency" time="0.087" /><testcase classname="tests.tools.test_drills" name="test_drill_kill_switch_drains_in_flight_scan" time="0.167" /><testcase classname="tests.tools.test_pin" name="test_pin_records_the_computed_digest" time="0.015" /><testcase classname="tests.tools.test_pin" name="test_pin_fails_closed_on_publisher_mismatch" time="0.015" /><testcase classname="tests.tools.test_pin" name="test_pin_accepts_a_matching_publisher_digest" time="0.006" /><testcase classname="tests.tools.test_pin" name="test_pins_round_trip_through_a_file" time="0.019" /><testcase classname="tests.tools.test_pin" name="test_verify_against_pin_detects_tampering" time="0.008" /><testcase classname="tests.tools.test_pin" name="test_verify_unpinned_tool_fails_closed" time="0.008" /><testcase classname="tests.tools.test_pin" name="test_pinned_adapter_verifies_a_matching_binary" time="0.005" /><testcase classname="tests.tools.test_pin" name="test_pinned_adapter_rejects_a_tampered_binary" time="0.011" /><testcase classname="tests.tools.test_pin" name="test_unpinned_registry_still_fails_closed" time="0.005" /></testsuite></testsuites>